{"C:\\Users\\Administrator\\Desktop\\react_hooks\\src\\hooks\\useEventListener.ts": {"path":"C:\\Users\\Administrator\\Desktop\\react_hooks\\src\\hooks\\useEventListener.ts","all":false,"statementMap":{"0":{"start":{"line":1,"column":0},"end":{"line":1,"column":34}},"1":{"start":{"line":2,"column":0},"end":{"line":2,"column":37}},"2":{"start":{"line":3,"column":0},"end":{"line":3,"column":0}},"3":{"start":{"line":4,"column":0},"end":{"line":4,"column":26}},"4":{"start":{"line":5,"column":0},"end":{"line":5,"column":18}},"5":{"start":{"line":6,"column":0},"end":{"line":6,"column":33}},"6":{"start":{"line":7,"column":0},"end":{"line":7,"column":16}},"7":{"start":{"line":8,"column":0},"end":{"line":8,"column":6}},"8":{"start":{"line":9,"column":0},"end":{"line":9,"column":42}},"9":{"start":{"line":10,"column":0},"end":{"line":10,"column":0}},"10":{"start":{"line":11,"column":0},"end":{"line":11,"column":21}},"11":{"start":{"line":12,"column":0},"end":{"line":12,"column":27}},"12":{"start":{"line":13,"column":0},"end":{"line":13,"column":31}},"13":{"start":{"line":14,"column":0},"end":{"line":14,"column":22}},"14":{"start":{"line":15,"column":0},"end":{"line":15,"column":35}},"15":{"start":{"line":16,"column":0},"end":{"line":16,"column":41}},"16":{"start":{"line":17,"column":0},"end":{"line":17,"column":43}},"17":{"start":{"line":18,"column":0},"end":{"line":18,"column":16}},"18":{"start":{"line":19,"column":0},"end":{"line":19,"column":35}},"19":{"start":{"line":20,"column":0},"end":{"line":20,"column":9}},"20":{"start":{"line":21,"column":0},"end":{"line":21,"column":0}},"21":{"start":{"line":22,"column":0},"end":{"line":22,"column":38}},"22":{"start":{"line":23,"column":0},"end":{"line":23,"column":53}},"23":{"start":{"line":24,"column":0},"end":{"line":24,"column":0}},"24":{"start":{"line":25,"column":0},"end":{"line":25,"column":52}},"25":{"start":{"line":26,"column":0},"end":{"line":26,"column":45}},"26":{"start":{"line":27,"column":0},"end":{"line":27,"column":10}},"27":{"start":{"line":28,"column":0},"end":{"line":28,"column":64}},"28":{"start":{"line":29,"column":0},"end":{"line":29,"column":22}},"29":{"start":{"line":30,"column":0},"end":{"line":30,"column":71}},"30":{"start":{"line":31,"column":0},"end":{"line":31,"column":10}},"31":{"start":{"line":32,"column":0},"end":{"line":32,"column":24}},"32":{"start":{"line":33,"column":0},"end":{"line":33,"column":2}},"33":{"start":{"line":34,"column":0},"end":{"line":34,"column":0}},"34":{"start":{"line":35,"column":0},"end":{"line":35,"column":32}}},"s":{"0":1,"1":1,"2":1,"3":1,"4":5,"5":5,"6":5,"7":5,"8":5,"9":5,"10":5,"11":3,"12":3,"13":3,"14":1,"15":3,"16":1,"17":1,"18":1,"19":1,"20":3,"21":3,"22":3,"23":2,"24":2,"25":5,"26":2,"27":2,"28":2,"29":2,"30":2,"31":5,"32":5,"33":1,"34":1},"branchMap":{"0":{"type":"branch","line":4,"loc":{"start":{"line":4,"column":25},"end":{"line":33,"column":2}},"locations":[{"start":{"line":4,"column":25},"end":{"line":33,"column":2}}]},"1":{"type":"branch","line":11,"loc":{"start":{"line":11,"column":14},"end":{"line":32,"column":5}},"locations":[{"start":{"line":11,"column":14},"end":{"line":32,"column":5}}]},"2":{"type":"branch","line":14,"loc":{"start":{"line":14,"column":21},"end":{"line":16,"column":9}},"locations":[{"start":{"line":14,"column":21},"end":{"line":16,"column":9}}]},"3":{"type":"branch","line":16,"loc":{"start":{"line":16,"column":9},"end":{"line":20,"column":9}},"locations":[{"start":{"line":16,"column":9},"end":{"line":20,"column":9}}]},"4":{"type":"branch","line":16,"loc":{"start":{"line":16,"column":40},"end":{"line":20,"column":9}},"locations":[{"start":{"line":16,"column":40},"end":{"line":20,"column":9}}]},"5":{"type":"branch","line":23,"loc":{"start":{"line":23,"column":46},"end":{"line":23,"column":53}},"locations":[{"start":{"line":23,"column":46},"end":{"line":23,"column":53}}]},"6":{"type":"branch","line":23,"loc":{"start":{"line":23,"column":46},"end":{"line":32,"column":5}},"locations":[{"start":{"line":23,"column":46},"end":{"line":32,"column":5}}]},"7":{"type":"branch","line":25,"loc":{"start":{"line":25,"column":33},"end":{"line":27,"column":9}},"locations":[{"start":{"line":25,"column":33},"end":{"line":27,"column":9}}]},"8":{"type":"branch","line":29,"loc":{"start":{"line":29,"column":15},"end":{"line":31,"column":9}},"locations":[{"start":{"line":29,"column":15},"end":{"line":31,"column":9}}]}},"b":{"0":[5],"1":[3],"2":[1],"3":[2],"4":[1],"5":[1],"6":[2],"7":[5],"8":[2]},"fnMap":{"0":{"name":"useEventListener","decl":{"start":{"line":4,"column":25},"end":{"line":33,"column":2}},"loc":{"start":{"line":4,"column":25},"end":{"line":33,"column":2}},"line":4},"1":{"name":"useEventListener","decl":{"start":{"line":25,"column":33},"end":{"line":27,"column":9}},"loc":{"start":{"line":25,"column":33},"end":{"line":27,"column":9}},"line":25}},"f":{"0":5,"1":5}}
,"C:\\Users\\Administrator\\Desktop\\react_hooks\\src\\hooks\\useLatest.ts": {"path":"C:\\Users\\Administrator\\Desktop\\react_hooks\\src\\hooks\\useLatest.ts","all":false,"statementMap":{"0":{"start":{"line":1,"column":0},"end":{"line":1,"column":31}},"1":{"start":{"line":2,"column":0},"end":{"line":2,"column":31}},"2":{"start":{"line":3,"column":0},"end":{"line":3,"column":0}},"3":{"start":{"line":4,"column":0},"end":{"line":4,"column":61}},"4":{"start":{"line":5,"column":0},"end":{"line":5,"column":28}},"5":{"start":{"line":6,"column":0},"end":{"line":6,"column":22}},"6":{"start":{"line":7,"column":0},"end":{"line":7,"column":13}},"7":{"start":{"line":8,"column":0},"end":{"line":8,"column":2}},"8":{"start":{"line":9,"column":0},"end":{"line":9,"column":0}},"9":{"start":{"line":10,"column":0},"end":{"line":10,"column":25}},"10":{"start":{"line":11,"column":0},"end":{"line":11,"column":0}},"11":{"start":{"line":12,"column":0},"end":{"line":12,"column":10}},"12":{"start":{"line":13,"column":0},"end":{"line":13,"column":45}},"13":{"start":{"line":14,"column":0},"end":{"line":14,"column":36}},"14":{"start":{"line":15,"column":0},"end":{"line":15,"column":0}},"15":{"start":{"line":16,"column":0},"end":{"line":16,"column":24}},"16":{"start":{"line":17,"column":0},"end":{"line":17,"column":45}},"17":{"start":{"line":18,"column":0},"end":{"line":18,"column":37}},"18":{"start":{"line":19,"column":0},"end":{"line":19,"column":18}},"19":{"start":{"line":20,"column":0},"end":{"line":20,"column":46}},"20":{"start":{"line":21,"column":0},"end":{"line":21,"column":14}},"21":{"start":{"line":22,"column":0},"end":{"line":22,"column":0}},"22":{"start":{"line":23,"column":0},"end":{"line":23,"column":15}},"23":{"start":{"line":24,"column":0},"end":{"line":24,"column":11}},"24":{"start":{"line":25,"column":0},"end":{"line":25,"column":41}},"25":{"start":{"line":26,"column":0},"end":{"line":26,"column":36}},"26":{"start":{"line":27,"column":0},"end":{"line":27,"column":12}},"27":{"start":{"line":28,"column":0},"end":{"line":28,"column":9}},"28":{"start":{"line":29,"column":0},"end":{"line":29,"column":7}}},"s":{"0":1,"1":1,"2":1,"3":1,"4":5,"5":5,"6":5,"7":5,"8":1,"9":1,"10":1,"11":1,"12":1,"13":1,"14":1,"15":1,"16":1,"17":1,"18":1,"19":1,"20":1,"21":1,"22":1,"23":1,"24":1,"25":1,"26":1,"27":1,"28":1},"branchMap":{"0":{"type":"branch","line":4,"loc":{"start":{"line":4,"column":18},"end":{"line":8,"column":2}},"locations":[{"start":{"line":4,"column":18},"end":{"line":8,"column":2}}]}},"b":{"0":[5]},"fnMap":{"0":{"name":"useLatest","decl":{"start":{"line":4,"column":18},"end":{"line":8,"column":2}},"loc":{"start":{"line":4,"column":18},"end":{"line":8,"column":2}},"line":4}},"f":{"0":5}}
}
