TN:
SF:src\hooks\useEventListener.ts
FN:4,useEventListener
FN:25,useEventListener
FNF:2
FNH:2
FNDA:5,useEventListener
FNDA:5,useEventListener
DA:1,1
DA:2,1
DA:3,1
DA:4,1
DA:5,5
DA:6,5
DA:7,5
DA:8,5
DA:9,5
DA:10,5
DA:11,5
DA:12,3
DA:13,3
DA:14,3
DA:15,1
DA:16,3
DA:17,1
DA:18,1
DA:19,1
DA:20,1
DA:21,3
DA:22,3
DA:23,3
DA:24,2
DA:25,2
DA:26,5
DA:27,2
DA:28,2
DA:29,2
DA:30,2
DA:31,2
DA:32,5
DA:33,5
DA:34,1
DA:35,1
LF:35
LH:35
BRDA:4,0,0,5
BRDA:11,1,0,3
BRDA:14,2,0,1
BRDA:16,3,0,2
BRDA:16,4,0,1
BRDA:23,5,0,1
BRDA:23,6,0,2
BRDA:25,7,0,5
BRDA:29,8,0,2
BRF:9
BRH:9
end_of_record
TN:
SF:src\hooks\useLatest.ts
FN:4,useLatest
FNF:1
FNH:1
FNDA:5,useLatest
DA:1,1
DA:2,1
DA:3,1
DA:4,1
DA:5,5
DA:6,5
DA:7,5
DA:8,5
DA:9,1
DA:10,1
DA:11,1
DA:12,1
DA:13,1
DA:14,1
DA:15,1
DA:16,1
DA:17,1
DA:18,1
DA:19,1
DA:20,1
DA:21,1
DA:22,1
DA:23,1
DA:24,1
DA:25,1
DA:26,1
DA:27,1
DA:28,1
DA:29,1
LF:29
LH:29
BRDA:4,0,0,5
BRF:1
BRH:1
end_of_record
